Script started on 2022-04-04 23:32:14-06:00 [TERM="xterm-256color" TTY="/dev/pts/4" COLUMNS="312" LINES="19"]
]0;timolegros@timolegros-G7-7588: ~/Projects/CMPUT/445/assignment4[01;32mtimolegros@timolegros-G7-7588[00m:[01;34m~/Projects/CMPUT/445/assignment4[00m$ python3 ./play.py
Player1 made move: A3
Player2 made move: C1
Player1 made move: A1
Player2 made move: F3
Player1 made move: A5
Player2 made move: D5
Player1 made move: E6
Player2 made move: C2
Player1 made move: F2
Player2 made move: C5
Player1 made move: C4
Player2 made move: G5
Player1 made move: D7
Player2 made move: D6
Player1 made move: C6
Player2 made move: G6
Player1 made move: G4
Player2 made move: D4
Player1 made move: D1
Player2 made move: B1
Player1 made move: F7
Player2 made move: B4
Player1 made move: B7
Player2 made move: G3
Player1 made move: F5
Player2 made move: B5
Player1 made move: A6
Player2 made move: F6
Player1 made move: B6
Player2 made move: E4
Player1 made move: F4
Player2 made move: D2
Player1 made move: E3
Player2 made move: G1
Player1 made move: C7
Player2 made move: B3
Player1 made move: B2
Player2 made move: D3
Player1 made move: E2
Player2 made move: F1
Player1 made move: E5
Player2 made move: G2
Player1 made move: E7
Player2 made move: A4
Player1 made move: A7
Winner: Player1 Timeout: 0

Player1 wins 1 Player2 wins 0 Timeouts 0
]0;timolegros@timolegros-G7-7588: ~/Projects/CMPUT/445/assignment4[01;32mtimolegros@timolegros-G7-7588[00m:[01;34m~/Projects/CMPUT/445/assignment4[00m$ exit
exit

Script done on 2022-04-04 23:44:00-06:00 [COMMAND_EXIT_CODE="0"]
